app/build/outputs/logs/manifest-merger-debug-report.txt
-- Merging decision tree log ---
manifest
ADDED from FDP/app/AndroidManifest.xml:3:1-109:12
INJECTED from FDP/app/AndroidManifest.xml:3:1-109:12
INJECTED from FDP/app/AndroidManifest.xml:3:1-109:12
INJECTED from FDP/app/AndroidManifest.xml:3:1-109:12
MERGED from [:libs:SmartSync] AndroidManifest.xml:2:1-13:12
MERGED from [com.android.support:preference-v14:26.0.1] AndroidManifest.xml:17:1-28:12
MERGED from [com.github.dkharrat.nexusdialog:nexusdialog:0.4.2] AndroidManifest.xml:2:1-11:12
MERGED from [br.com.mauker.materialsearchview:materialsearchview:1.2.2] AndroidManifest.xml:2:1-27:12
MERGED from [com.github.mancj:MaterialSearchBar:0.7.5] AndroidManifest.xml:2:1-17:12
MERGED from [de.codecrafters.tableview:tableview:2.8.0] AndroidManifest.xml:2:1-13:12
MERGED from [com.github.wooplr:Spotlight:1.2.3] AndroidManifest.xml:2:1-17:12
MERGED from [com.android.support:preference-v7:26.0.1] AndroidManifest.xml:17:1-28:12
MERGED from [com.android.support:design:26.0.1] AndroidManifest.xml:17:1-31:12
MERGED from [com.android.support:appcompat-v7:26.0.1] AndroidManifest.xml:17:1-31:12
MERGED from [com.android.support:cardview-v7:26.0.1] AndroidManifest.xml:17:1-28:12
MERGED from [de.hdodenhof:circleimageview:2.1.0] AndroidManifest.xml:2:1-11:12
MERGED from [com.android.support:percent:26.0.1] AndroidManifest.xml:17:1-28:12
MERGED from [com.jaredrummler:material-spinner:1.2.1] AndroidManifest.xml:2:1-10:12
MERGED from [com.google.maps.android:android-maps-utils:0.5] AndroidManifest.xml:2:1-13:12
MERGED from [com.google.android.gms:play-services-maps:10.2.0] AndroidManifest.xml:16:1-25:12
MERGED from [com.google.android.gms:play-services-location:10.2.0] AndroidManifest.xml:2:1-5:12
MERGED from [com.github.ozodrukh:CircularReveal:2.0.1] AndroidManifest.xml:2:1-12:12
MERGED from [com.google.firebase:firebase-core:10.2.0] AndroidManifest.xml:2:1-6:12
MERGED from [com.android.support:multidex:1.0.2] AndroidManifest.xml:17:1-22:12
MERGED from [:libs:SmartStore] AndroidManifest.xml:2:1-17:12
MERGED from [com.android.support:animated-vector-drawable:26.0.1] AndroidManifest.xml:17:1-28:12
MERGED from [com.android.support:support-vector-drawable:26.0.1] AndroidManifest.xml:17:1-28:12
MERGED from [com.android.support:recyclerview-v7:26.0.1] AndroidManifest.xml:17:1-28:12
MERGED from [:libs:SalesforceSDK] AndroidManifest.xml:2:1-117:12
MERGED from [com.google.android.gms:play-services-gcm:10.2.0] AndroidManifest.xml:16:1-24:12
MERGED from [com.google.android.gms:play-services-iid:10.2.0] AndroidManifest.xml:16:1-24:12
MERGED from [com.google.android.gms:play-services-base:10.2.0] AndroidManifest.xml:16:1-21:12
MERGED from [com.google.firebase:firebase-analytics:10.2.0] AndroidManifest.xml:16:1-34:12
MERGED from [com.google.firebase:firebase-analytics-impl:10.2.0] AndroidManifest.xml:16:1-29:12
MERGED from [com.google.firebase:firebase-iid:10.2.0] AndroidManifest.xml:16:1-51:12
MERGED from [com.google.firebase:firebase-common:10.2.0] AndroidManifest.xml:2:1-8:12
MERGED from [com.google.android.gms:play-services-tasks:10.2.0] AndroidManifest.xml:2:1-5:12
MERGED from [com.google.android.gms:play-services-basement:10.2.0] AndroidManifest.xml:16:1-23:12
MERGED from [com.android.support:transition:26.0.1] AndroidManifest.xml:17:1-28:12
MERGED from [com.android.support:support-v4:26.0.1] AndroidManifest.xml:17:1-31:12
MERGED from [com.android.support:support-fragment:26.0.1] AndroidManifest.xml:17:1-31:12
MERGED from [com.android.support:support-core-ui:26.0.1] AndroidManifest.xml:17:1-31:12
MERGED from [com.android.support:support-media-compat:26.0.1] AndroidManifest.xml:17:1-31:12
MERGED from [com.android.support:support-core-utils:26.0.1] AndroidManifest.xml:17:1-31:12
MERGED from [com.android.support:support-compat:26.0.1] AndroidManifest.xml:17:1-31:12
MERGED from [net.zetetic:android-database-sqlcipher:3.5.7] AndroidManifest.xml:2:1-4:12
MERGED from [:libs:SalesforceAnalytics] AndroidManifest.xml:2:1-16:12
INJECTED from FDP/app/AndroidManifest.xml:3:1-109:12
INJECTED from FDP/app/AndroidManifest.xml:3:1-109:12
INJECTED from FDP/app/AndroidManifest.xml:3:1-109:12
	package
		ADDED from FDP/app/AndroidManifest.xml:4:2-27
		INJECTED from FDP/app/AndroidManifest.xml
		INJECTED from FDP/app/AndroidManifest.xml
	android:versionName
		INJECTED from FDP/app/AndroidManifest.xml
		ADDED from FDP/app/AndroidManifest.xml:3:1-109:12
		INJECTED from FDP/app/AndroidManifest.xml
	android:versionCode
		INJECTED from FDP/app/AndroidManifest.xml
		ADDED from FDP/app/AndroidManifest.xml:3:1-109:12
		INJECTED from FDP/app/AndroidManifest.xml
	xmlns:android
		ADDED from FDP/app/AndroidManifest.xml:3:11-69
	android:installLocation
		ADDED from FDP/app/AndroidManifest.xml:5:2-40
uses-permission#android.permission.ACCESS_FINE_LOCATION
ADDED from FDP/app/AndroidManifest.xml:12:2-75
	android:name
		ADDED from FDP/app/AndroidManifest.xml:12:19-73
uses-permission#android.permission.WRITE_EXTERNAL_STORAGE
ADDED from FDP/app/AndroidManifest.xml:13:2-77
	android:name
		ADDED from FDP/app/AndroidManifest.xml:13:19-75
uses-permission#android.permission.ACCESS_COARSE_LOCATION
ADDED from FDP/app/AndroidManifest.xml:14:2-77
	android:name
		ADDED from FDP/app/AndroidManifest.xml:14:19-75
uses-permission#android.permission.CAMERA
ADDED from FDP/app/AndroidManifest.xml:15:2-61
	android:name
		ADDED from FDP/app/AndroidManifest.xml:15:19-59
uses-permission#android.permission.INTERNET
ADDED from FDP/app/AndroidManifest.xml:16:2-63
MERGED from [com.google.android.gms:play-services-maps:10.2.0] AndroidManifest.xml:20:5-66
MERGED from [com.google.android.gms:play-services-maps:10.2.0] AndroidManifest.xml:20:5-66
MERGED from [com.google.android.gms:play-services-gcm:10.2.0] AndroidManifest.xml:21:5-66
MERGED from [com.google.android.gms:play-services-gcm:10.2.0] AndroidManifest.xml:21:5-66
MERGED from [com.google.android.gms:play-services-iid:10.2.0] AndroidManifest.xml:21:5-66
MERGED from [com.google.android.gms:play-services-iid:10.2.0] AndroidManifest.xml:21:5-66
MERGED from [com.google.firebase:firebase-analytics:10.2.0] AndroidManifest.xml:20:5-66
MERGED from [com.google.firebase:firebase-analytics:10.2.0] AndroidManifest.xml:20:5-66
MERGED from [com.google.firebase:firebase-analytics-impl:10.2.0] AndroidManifest.xml:20:5-66
MERGED from [com.google.firebase:firebase-analytics-impl:10.2.0] AndroidManifest.xml:20:5-66
MERGED from [com.google.firebase:firebase-iid:10.2.0] AndroidManifest.xml:20:5-66
MERGED from [com.google.firebase:firebase-iid:10.2.0] AndroidManifest.xml:20:5-66
MERGED from [:libs:SalesforceAnalytics] AndroidManifest.xml:11:5-67
MERGED from [:libs:SalesforceAnalytics] AndroidManifest.xml:11:5-67
	android:name
		ADDED from FDP/app/AndroidManifest.xml:16:19-61
uses-permission#android.permission.ACCESS_NETWORK_STATE
ADDED from FDP/app/AndroidManifest.xml:17:2-75
MERGED from [com.google.android.gms:play-services-maps:10.2.0] AndroidManifest.xml:19:5-78
MERGED from [com.google.android.gms:play-services-maps:10.2.0] AndroidManifest.xml:19:5-78
MERGED from [com.google.firebase:firebase-analytics:10.2.0] AndroidManifest.xml:21:5-78
MERGED from [com.google.firebase:firebase-analytics:10.2.0] AndroidManifest.xml:21:5-78
MERGED from [com.google.firebase:firebase-analytics-impl:10.2.0] AndroidManifest.xml:21:5-78
MERGED from [com.google.firebase:firebase-analytics-impl:10.2.0] AndroidManifest.xml:21:5-78
MERGED from [com.google.firebase:firebase-iid:10.2.0] AndroidManifest.xml:19:5-78
MERGED from [com.google.firebase:firebase-iid:10.2.0] AndroidManifest.xml:19:5-78
MERGED from [:libs:SalesforceAnalytics] AndroidManifest.xml:12:5-79
MERGED from [:libs:SalesforceAnalytics] AndroidManifest.xml:12:5-79
	android:name
		ADDED from FDP/app/AndroidManifest.xml:17:19-73
uses-permission#com.google.android.providers.gsf.permission.READ_GSERVICES
ADDED from FDP/app/AndroidManifest.xml:18:2-94
	android:name
		ADDED from FDP/app/AndroidManifest.xml:18:19-92
uses-permission#org.grameen.fdp.C2D_MESSAGE
ADDED from FDP/app/AndroidManifest.xml:19:2-64
	android:name
		ADDED from FDP/app/AndroidManifest.xml:19:19-61
uses-permission#android.permission.GET_ACCOUNTS
ADDED from FDP/app/AndroidManifest.xml:20:2-67
MERGED from [:libs:SalesforceSDK] AndroidManifest.xml:12:5-71
MERGED from [:libs:SalesforceSDK] AndroidManifest.xml:12:5-71
	android:name
		ADDED from FDP/app/AndroidManifest.xml:20:19-65
uses-permission#android.permission.MANAGE_ACCOUNTS
ADDED from FDP/app/AndroidManifest.xml:21:2-70
MERGED from [:libs:SalesforceSDK] AndroidManifest.xml:13:5-74
MERGED from [:libs:SalesforceSDK] AndroidManifest.xml:13:5-74
	android:name
		ADDED from FDP/app/AndroidManifest.xml:21:19-68
uses-permission#android.permission.VIBRATE
ADDED from FDP/app/AndroidManifest.xml:22:2-62
	android:name
		ADDED from FDP/app/AndroidManifest.xml:22:19-60
uses-feature#0x00020000
ADDED from FDP/app/AndroidManifest.xml:27:2-29:28
MERGED from [com.google.android.gms:play-services-maps:10.2.0] AndroidManifest.xml:21:5-77
MERGED from [com.google.android.gms:play-services-maps:10.2.0] AndroidManifest.xml:21:5-77
	android:glEsVersion
		ADDED from FDP/app/AndroidManifest.xml:28:3-35
	android:required
		ADDED from FDP/app/AndroidManifest.xml:29:3-26
application
ADDED from FDP/app/AndroidManifest.xml:37:2-99:16
MERGED from [:libs:SmartSync] AndroidManifest.xml:11:5-20
MERGED from [:libs:SmartSync] AndroidManifest.xml:11:5-20
MERGED from [com.android.support:preference-v14:26.0.1] AndroidManifest.xml:22:5-26:19
MERGED from [com.android.support:preference-v14:26.0.1] AndroidManifest.xml:22:5-26:19
MERGED from [com.github.dkharrat.nexusdialog:nexusdialog:0.4.2] AndroidManifest.xml:9:5-20
MERGED from [com.github.dkharrat.nexusdialog:nexusdialog:0.4.2] AndroidManifest.xml:9:5-20
MERGED from [br.com.mauker.materialsearchview:materialsearchview:1.2.2] AndroidManifest.xml:23:5-25:38
MERGED from [br.com.mauker.materialsearchview:materialsearchview:1.2.2] AndroidManifest.xml:23:5-25:38
MERGED from [com.github.mancj:MaterialSearchBar:0.7.5] AndroidManifest.xml:11:5-15:19
MERGED from [com.github.mancj:MaterialSearchBar:0.7.5] AndroidManifest.xml:11:5-15:19
MERGED from [de.codecrafters.tableview:tableview:2.8.0] AndroidManifest.xml:11:5-53
MERGED from [de.codecrafters.tableview:tableview:2.8.0] AndroidManifest.xml:11:5-53
MERGED from [com.github.wooplr:Spotlight:1.2.3] AndroidManifest.xml:11:5-15:19
MERGED from [com.github.wooplr:Spotlight:1.2.3] AndroidManifest.xml:11:5-15:19
MERGED from [com.android.support:preference-v7:26.0.1] AndroidManifest.xml:22:5-26:19
MERGED from [com.android.support:preference-v7:26.0.1] AndroidManifest.xml:22:5-26:19
MERGED from [com.android.support:design:26.0.1] AndroidManifest.xml:25:5-29:19
MERGED from [com.android.support:design:26.0.1] AndroidManifest.xml:25:5-29:19
MERGED from [com.android.support:appcompat-v7:26.0.1] AndroidManifest.xml:25:5-29:19
MERGED from [com.android.support:appcompat-v7:26.0.1] AndroidManifest.xml:25:5-29:19
MERGED from [com.android.support:cardview-v7:26.0.1] AndroidManifest.xml:22:5-26:19
MERGED from [com.android.support:cardview-v7:26.0.1] AndroidManifest.xml:22:5-26:19
MERGED from [de.hdodenhof:circleimageview:2.1.0] AndroidManifest.xml:9:5-20
MERGED from [de.hdodenhof:circleimageview:2.1.0] AndroidManifest.xml:9:5-20
MERGED from [com.android.support:percent:26.0.1] AndroidManifest.xml:22:5-26:19
MERGED from [com.android.support:percent:26.0.1] AndroidManifest.xml:22:5-26:19
MERGED from [com.google.maps.android:android-maps-utils:0.5] AndroidManifest.xml:7:5-11:19
MERGED from [com.google.maps.android:android-maps-utils:0.5] AndroidManifest.xml:7:5-11:19
MERGED from [com.google.android.gms:play-services-maps:10.2.0] AndroidManifest.xml:24:5-19
MERGED from [com.google.android.gms:play-services-maps:10.2.0] AndroidManifest.xml:24:5-19
MERGED from [com.google.android.gms:play-services-location:10.2.0] AndroidManifest.xml:4:5-19
MERGED from [com.google.android.gms:play-services-location:10.2.0] AndroidManifest.xml:4:5-19
MERGED from [com.github.ozodrukh:CircularReveal:2.0.1] AndroidManifest.xml:10:5-20
MERGED from [com.github.ozodrukh:CircularReveal:2.0.1] AndroidManifest.xml:10:5-20
MERGED from [com.google.firebase:firebase-core:10.2.0] AndroidManifest.xml:5:5-20
MERGED from [com.google.firebase:firebase-core:10.2.0] AndroidManifest.xml:5:5-20
MERGED from [:libs:SmartStore] AndroidManifest.xml:11:5-15:19
MERGED from [:libs:SmartStore] AndroidManifest.xml:11:5-15:19
MERGED from [com.android.support:animated-vector-drawable:26.0.1] AndroidManifest.xml:22:5-26:19
MERGED from [com.android.support:animated-vector-drawable:26.0.1] AndroidManifest.xml:22:5-26:19
MERGED from [com.android.support:support-vector-drawable:26.0.1] AndroidManifest.xml:22:5-26:19
MERGED from [com.android.support:support-vector-drawable:26.0.1] AndroidManifest.xml:22:5-26:19
MERGED from [com.android.support:recyclerview-v7:26.0.1] AndroidManifest.xml:22:5-26:19
MERGED from [com.android.support:recyclerview-v7:26.0.1] AndroidManifest.xml:22:5-26:19
MERGED from [:libs:SalesforceSDK] AndroidManifest.xml:21:5-115:19
MERGED from [:libs:SalesforceSDK] AndroidManifest.xml:21:5-115:19
MERGED from [com.google.android.gms:play-services-gcm:10.2.0] AndroidManifest.xml:23:5-19
MERGED from [com.google.android.gms:play-services-gcm:10.2.0] AndroidManifest.xml:23:5-19
MERGED from [com.google.android.gms:play-services-iid:10.2.0] AndroidManifest.xml:23:5-19
MERGED from [com.google.android.gms:play-services-iid:10.2.0] AndroidManifest.xml:23:5-19
MERGED from [com.google.android.gms:play-services-base:10.2.0] AndroidManifest.xml:18:5-20:19
MERGED from [com.google.android.gms:play-services-base:10.2.0] AndroidManifest.xml:18:5-20:19
MERGED from [com.google.firebase:firebase-analytics:10.2.0] AndroidManifest.xml:24:5-33:19
MERGED from [com.google.firebase:firebase-analytics:10.2.0] AndroidManifest.xml:24:5-33:19
MERGED from [com.google.firebase:firebase-analytics-impl:10.2.0] AndroidManifest.xml:24:5-28:19
MERGED from [com.google.firebase:firebase-analytics-impl:10.2.0] AndroidManifest.xml:24:5-28:19
MERGED from [com.google.firebase:firebase-iid:10.2.0] AndroidManifest.xml:28:5-50:19
MERGED from [com.google.firebase:firebase-iid:10.2.0] AndroidManifest.xml:28:5-50:19
MERGED from [com.google.firebase:firebase-common:10.2.0] AndroidManifest.xml:4:5-7:19
MERGED from [com.google.firebase:firebase-common:10.2.0] AndroidManifest.xml:4:5-7:19
MERGED from [com.google.android.gms:play-services-tasks:10.2.0] AndroidManifest.xml:4:5-19
MERGED from [com.google.android.gms:play-services-tasks:10.2.0] AndroidManifest.xml:4:5-19
MERGED from [com.google.android.gms:play-services-basement:10.2.0] AndroidManifest.xml:19:5-21:19
MERGED from [com.google.android.gms:play-services-basement:10.2.0] AndroidManifest.xml:19:5-21:19
MERGED from [com.android.support:transition:26.0.1] AndroidManifest.xml:22:5-26:19
MERGED from [com.android.support:transition:26.0.1] AndroidManifest.xml:22:5-26:19
MERGED from [com.android.support:support-v4:26.0.1] AndroidManifest.xml:25:5-29:19
MERGED from [com.android.support:support-v4:26.0.1] AndroidManifest.xml:25:5-29:19
MERGED from [com.android.support:support-fragment:26.0.1] AndroidManifest.xml:25:5-29:19
MERGED from [com.android.support:support-fragment:26.0.1] AndroidManifest.xml:25:5-29:19
MERGED from [com.android.support:support-core-ui:26.0.1] AndroidManifest.xml:25:5-29:19
MERGED from [com.android.support:support-core-ui:26.0.1] AndroidManifest.xml:25:5-29:19
MERGED from [com.android.support:support-media-compat:26.0.1] AndroidManifest.xml:25:5-29:19
MERGED from [com.android.support:support-media-compat:26.0.1] AndroidManifest.xml:25:5-29:19
MERGED from [com.android.support:support-core-utils:26.0.1] AndroidManifest.xml:25:5-29:19
MERGED from [com.android.support:support-core-utils:26.0.1] AndroidManifest.xml:25:5-29:19
MERGED from [com.android.support:support-compat:26.0.1] AndroidManifest.xml:25:5-29:19
MERGED from [com.android.support:support-compat:26.0.1] AndroidManifest.xml:25:5-29:19
MERGED from [:libs:SalesforceAnalytics] AndroidManifest.xml:14:5-20
MERGED from [:libs:SalesforceAnalytics] AndroidManifest.xml:14:5-20
	android:screenOrientation
		ADDED from FDP/app/AndroidManifest.xml:45:3-39
	android:supportsRtl
		ADDED from FDP/app/AndroidManifest.xml:43:3-29
	android:label
		ADDED from FDP/app/AndroidManifest.xml:40:3-35
	android:manageSpaceActivity
		ADDED from FDP/app/AndroidManifest.xml:46:2-80
	android:roundIcon
		ADDED from FDP/app/AndroidManifest.xml:42:3-42
	android:icon
		ADDED from FDP/app/AndroidManifest.xml:39:3-37
	android:allowBackup
		ADDED from FDP/app/AndroidManifest.xml:38:3-29
	android:theme
		ADDED from FDP/app/AndroidManifest.xml:44:3-34
	android:name
		ADDED from FDP/app/AndroidManifest.xml:41:3-45
activity#org.grameen.fdp.MainActivity
ADDED from FDP/app/AndroidManifest.xml:51:3-53:64
	android:label
		ADDED from FDP/app/AndroidManifest.xml:52:7-39
	android:theme
		ADDED from FDP/app/AndroidManifest.xml:53:4-62
	android:name
		ADDED from FDP/app/AndroidManifest.xml:51:13-41
activity#org.grameen.fdp.activity.SplashActivity
ADDED from FDP/app/AndroidManifest.xml:57:3-65:14
	android:theme
		ADDED from FDP/app/AndroidManifest.xml:59:4-35
	android:name
		ADDED from FDP/app/AndroidManifest.xml:58:4-43
intent-filter#android.intent.action.MAIN+android.intent.category.LAUNCHER
ADDED from FDP/app/AndroidManifest.xml:60:4-64:20
action#android.intent.action.MAIN
ADDED from FDP/app/AndroidManifest.xml:61:5-56
	android:name
		ADDED from FDP/app/AndroidManifest.xml:61:13-54
category#android.intent.category.LAUNCHER
ADDED from FDP/app/AndroidManifest.xml:63:5-64
	android:name
		ADDED from FDP/app/AndroidManifest.xml:63:15-62
activity#org.grameen.fdp.activity.BaseActivity
ADDED from FDP/app/AndroidManifest.xml:66:3-52
	android:name
		ADDED from FDP/app/AndroidManifest.xml:66:13-50
activity#org.grameen.fdp.activity.MainActivity
ADDED from FDP/app/AndroidManifest.xml:68:3-69:11
	android:name
		ADDED from FDP/app/AndroidManifest.xml:68:13-50
activity#org.grameen.fdp.activity.FarmerDetailsActivity
ADDED from FDP/app/AndroidManifest.xml:70:3-61
	android:name
		ADDED from FDP/app/AndroidManifest.xml:70:13-59
activity#org.grameen.fdp.activity.Add_EditFarmerDetailsActivity
ADDED from FDP/app/AndroidManifest.xml:71:3-69
	android:name
		ADDED from FDP/app/AndroidManifest.xml:71:13-67
activity#org.grameen.fdp.activity.PlotDetailsActivity
ADDED from FDP/app/AndroidManifest.xml:72:3-59
	android:name
		ADDED from FDP/app/AndroidManifest.xml:72:13-57
activity#org.grameen.fdp.activity.AddNewPlotActivity
ADDED from FDP/app/AndroidManifest.xml:73:3-58
	android:name
		ADDED from FDP/app/AndroidManifest.xml:73:13-56
activity#org.grameen.fdp.activity.MapActivity
ADDED from FDP/app/AndroidManifest.xml:74:3-51
	android:name
		ADDED from FDP/app/AndroidManifest.xml:74:13-49
activity#org.grameen.fdp.activity.LoginActivity
ADDED from FDP/app/AndroidManifest.xml:75:3-53
	android:name
		ADDED from FDP/app/AndroidManifest.xml:75:13-51
activity#org.grameen.fdp.activity.LandingPageActivity
ADDED from FDP/app/AndroidManifest.xml:76:3-59
	android:name
		ADDED from FDP/app/AndroidManifest.xml:76:13-57
activity#org.grameen.fdp.activity.SyncActivity
ADDED from FDP/app/AndroidManifest.xml:77:3-79:6
	android:theme
		ADDED from FDP/app/AndroidManifest.xml:78:4-44
	android:name
		ADDED from FDP/app/AndroidManifest.xml:77:13-50
activity#org.grameen.fdp.activity.PandLActivity
ADDED from FDP/app/AndroidManifest.xml:80:3-81:47
	android:screenOrientation
		ADDED from FDP/app/AndroidManifest.xml:81:7-44
	android:name
		ADDED from FDP/app/AndroidManifest.xml:80:13-51
activity#org.grameen.fdp.activity.DetailedYearActivity
ADDED from FDP/app/AndroidManifest.xml:82:9-83:47
	android:screenOrientation
		ADDED from FDP/app/AndroidManifest.xml:83:7-44
	android:name
		ADDED from FDP/app/AndroidManifest.xml:82:19-64
provider#br.com.mauker.materialsearchview.db.HistoryProvider
ADDED from FDP/app/AndroidManifest.xml:86:9-91:29
	android:authorities
		ADDED from FDP/app/AndroidManifest.xml:88:4-80
	android:protectionLevel
		ADDED from FDP/app/AndroidManifest.xml:90:4-39
	android:syncable
		ADDED from FDP/app/AndroidManifest.xml:91:4-27
	android:exported
		ADDED from FDP/app/AndroidManifest.xml:89:4-28
	android:name
		ADDED from FDP/app/AndroidManifest.xml:87:4-70
meta-data#com.google.android.geo.API_KEY
ADDED from FDP/app/AndroidManifest.xml:94:3-96:45
	android:value
		ADDED from FDP/app/AndroidManifest.xml:96:4-43
	android:name
		ADDED from FDP/app/AndroidManifest.xml:95:4-49
uses-sdk
INJECTED from FDP/app/AndroidManifest.xml reason: use-sdk injection requested
INJECTED from FDP/app/AndroidManifest.xml
INJECTED from FDP/app/AndroidManifest.xml
MERGED from [:libs:SmartSync] AndroidManifest.xml:7:5-9:41
MERGED from [:libs:SmartSync] AndroidManifest.xml:7:5-9:41
MERGED from [com.android.support:preference-v14:26.0.1] AndroidManifest.xml:20:5-44
MERGED from [com.android.support:preference-v14:26.0.1] AndroidManifest.xml:20:5-44
MERGED from [com.github.dkharrat.nexusdialog:nexusdialog:0.4.2] AndroidManifest.xml:5:5-7:41
MERGED from [com.github.dkharrat.nexusdialog:nexusdialog:0.4.2] AndroidManifest.xml:5:5-7:41
MERGED from [br.com.mauker.materialsearchview:materialsearchview:1.2.2] AndroidManifest.xml:19:5-21:41
MERGED from [br.com.mauker.materialsearchview:materialsearchview:1.2.2] AndroidManifest.xml:19:5-21:41
MERGED from [com.github.mancj:MaterialSearchBar:0.7.5] AndroidManifest.xml:7:5-9:41
MERGED from [com.github.mancj:MaterialSearchBar:0.7.5] AndroidManifest.xml:7:5-9:41
MERGED from [de.codecrafters.tableview:tableview:2.8.0] AndroidManifest.xml:7:5-9:41
MERGED from [de.codecrafters.tableview:tableview:2.8.0] AndroidManifest.xml:7:5-9:41
MERGED from [com.github.wooplr:Spotlight:1.2.3] AndroidManifest.xml:7:5-9:41
MERGED from [com.github.wooplr:Spotlight:1.2.3] AndroidManifest.xml:7:5-9:41
MERGED from [com.android.support:preference-v7:26.0.1] AndroidManifest.xml:20:5-44
MERGED from [com.android.support:preference-v7:26.0.1] AndroidManifest.xml:20:5-44
MERGED from [com.android.support:design:26.0.1] AndroidManifest.xml:21:5-23:62
MERGED from [com.android.support:design:26.0.1] AndroidManifest.xml:21:5-23:62
MERGED from [com.android.support:appcompat-v7:26.0.1] AndroidManifest.xml:21:5-23:78
MERGED from [com.android.support:appcompat-v7:26.0.1] AndroidManifest.xml:21:5-23:78
MERGED from [com.android.support:cardview-v7:26.0.1] AndroidManifest.xml:20:5-44
MERGED from [com.android.support:cardview-v7:26.0.1] AndroidManifest.xml:20:5-44
MERGED from [de.hdodenhof:circleimageview:2.1.0] AndroidManifest.xml:5:5-7:41
MERGED from [de.hdodenhof:circleimageview:2.1.0] AndroidManifest.xml:5:5-7:41
MERGED from [com.android.support:percent:26.0.1] AndroidManifest.xml:20:5-44
MERGED from [com.android.support:percent:26.0.1] AndroidManifest.xml:20:5-44
MERGED from [com.jaredrummler:material-spinner:1.2.1] AndroidManifest.xml:6:5-8:41
MERGED from [com.jaredrummler:material-spinner:1.2.1] AndroidManifest.xml:6:5-8:41
MERGED from [com.google.maps.android:android-maps-utils:0.5] AndroidManifest.xml:5:5-43
MERGED from [com.google.maps.android:android-maps-utils:0.5] AndroidManifest.xml:5:5-43
MERGED from [com.google.android.gms:play-services-maps:10.2.0] AndroidManifest.xml:23:5-43
MERGED from [com.google.android.gms:play-services-maps:10.2.0] AndroidManifest.xml:23:5-43
MERGED from [com.google.android.gms:play-services-location:10.2.0] AndroidManifest.xml:3:5-43
MERGED from [com.google.android.gms:play-services-location:10.2.0] AndroidManifest.xml:3:5-43
MERGED from [com.github.ozodrukh:CircularReveal:2.0.1] AndroidManifest.xml:6:5-8:41
MERGED from [com.github.ozodrukh:CircularReveal:2.0.1] AndroidManifest.xml:6:5-8:41
MERGED from [com.google.firebase:firebase-core:10.2.0] AndroidManifest.xml:4:5-43
MERGED from [com.google.firebase:firebase-core:10.2.0] AndroidManifest.xml:4:5-43
MERGED from [com.android.support:multidex:1.0.2] AndroidManifest.xml:20:5-43
MERGED from [com.android.support:multidex:1.0.2] AndroidManifest.xml:20:5-43
MERGED from [:libs:SmartStore] AndroidManifest.xml:7:5-9:41
MERGED from [:libs:SmartStore] AndroidManifest.xml:7:5-9:41
MERGED from [com.android.support:animated-vector-drawable:26.0.1] AndroidManifest.xml:20:5-44
MERGED from [com.android.support:animated-vector-drawable:26.0.1] AndroidManifest.xml:20:5-44
MERGED from [com.android.support:support-vector-drawable:26.0.1] AndroidManifest.xml:20:5-44
MERGED from [com.android.support:support-vector-drawable:26.0.1] AndroidManifest.xml:20:5-44
MERGED from [com.android.support:recyclerview-v7:26.0.1] AndroidManifest.xml:20:5-44
MERGED from [com.android.support:recyclerview-v7:26.0.1] AndroidManifest.xml:20:5-44
MERGED from [:libs:SalesforceSDK] AndroidManifest.xml:7:5-9:41
MERGED from [:libs:SalesforceSDK] AndroidManifest.xml:7:5-9:41
MERGED from [com.google.android.gms:play-services-gcm:10.2.0] AndroidManifest.xml:17:5-43
MERGED from [com.google.android.gms:play-services-gcm:10.2.0] AndroidManifest.xml:17:5-43
MERGED from [com.google.android.gms:play-services-iid:10.2.0] AndroidManifest.xml:17:5-43
MERGED from [com.google.android.gms:play-services-iid:10.2.0] AndroidManifest.xml:17:5-43
MERGED from [com.google.android.gms:play-services-base:10.2.0] AndroidManifest.xml:17:5-43
MERGED from [com.google.android.gms:play-services-base:10.2.0] AndroidManifest.xml:17:5-43
MERGED from [com.google.firebase:firebase-analytics:10.2.0] AndroidManifest.xml:17:5-43
MERGED from [com.google.firebase:firebase-analytics:10.2.0] AndroidManifest.xml:17:5-43
MERGED from [com.google.firebase:firebase-analytics-impl:10.2.0] AndroidManifest.xml:17:5-43
MERGED from [com.google.firebase:firebase-analytics-impl:10.2.0] AndroidManifest.xml:17:5-43
MERGED from [com.google.firebase:firebase-iid:10.2.0] AndroidManifest.xml:17:5-43
MERGED from [com.google.firebase:firebase-iid:10.2.0] AndroidManifest.xml:17:5-43
MERGED from [com.google.firebase:firebase-common:10.2.0] AndroidManifest.xml:3:5-43
MERGED from [com.google.firebase:firebase-common:10.2.0] AndroidManifest.xml:3:5-43
MERGED from [com.google.android.gms:play-services-tasks:10.2.0] AndroidManifest.xml:3:5-43
MERGED from [com.google.android.gms:play-services-tasks:10.2.0] AndroidManifest.xml:3:5-43
MERGED from [com.google.android.gms:play-services-basement:10.2.0] AndroidManifest.xml:17:5-43
MERGED from [com.google.android.gms:play-services-basement:10.2.0] AndroidManifest.xml:17:5-43
MERGED from [com.android.support:transition:26.0.1] AndroidManifest.xml:20:5-44
MERGED from [com.android.support:transition:26.0.1] AndroidManifest.xml:20:5-44
MERGED from [com.android.support:support-v4:26.0.1] AndroidManifest.xml:21:5-23:54
MERGED from [com.android.support:support-v4:26.0.1] AndroidManifest.xml:21:5-23:54
MERGED from [com.android.support:support-fragment:26.0.1] AndroidManifest.xml:21:5-23:60
MERGED from [com.android.support:support-fragment:26.0.1] AndroidManifest.xml:21:5-23:60
MERGED from [com.android.support:support-core-ui:26.0.1] AndroidManifest.xml:21:5-23:58
MERGED from [com.android.support:support-core-ui:26.0.1] AndroidManifest.xml:21:5-23:58
MERGED from [com.android.support:support-media-compat:26.0.1] AndroidManifest.xml:21:5-23:63
MERGED from [com.android.support:support-media-compat:26.0.1] AndroidManifest.xml:21:5-23:63
MERGED from [com.android.support:support-core-utils:26.0.1] AndroidManifest.xml:21:5-23:61
MERGED from [com.android.support:support-core-utils:26.0.1] AndroidManifest.xml:21:5-23:61
MERGED from [com.android.support:support-compat:26.0.1] AndroidManifest.xml:21:5-23:58
MERGED from [com.android.support:support-compat:26.0.1] AndroidManifest.xml:21:5-23:58
MERGED from [net.zetetic:android-database-sqlcipher:3.5.7] AndroidManifest.xml:3:3-40
MERGED from [net.zetetic:android-database-sqlcipher:3.5.7] AndroidManifest.xml:3:3-40
MERGED from [:libs:SalesforceAnalytics] AndroidManifest.xml:7:5-9:41
MERGED from [:libs:SalesforceAnalytics] AndroidManifest.xml:7:5-9:41
INJECTED from FDP/app/AndroidManifest.xml
INJECTED from FDP/app/AndroidManifest.xml
	tools:overrideLibrary
		ADDED from [com.android.support:design:26.0.1] AndroidManifest.xml:23:9-59
	android:targetSdkVersion
		INJECTED from FDP/app/AndroidManifest.xml
		ADDED from FDP/app/AndroidManifest.xml
		INJECTED from FDP/app/AndroidManifest.xml
	android:minSdkVersion
		INJECTED from FDP/app/AndroidManifest.xml
		ADDED from FDP/app/AndroidManifest.xml
		INJECTED from FDP/app/AndroidManifest.xml
meta-data#android.support.VERSION
ADDED from [com.android.support:preference-v14:26.0.1] AndroidManifest.xml:23:9-25:38
MERGED from [com.android.support:preference-v7:26.0.1] AndroidManifest.xml:23:9-25:38
MERGED from [com.android.support:preference-v7:26.0.1] AndroidManifest.xml:23:9-25:38
MERGED from [com.android.support:design:26.0.1] AndroidManifest.xml:26:9-28:38
MERGED from [com.android.support:design:26.0.1] AndroidManifest.xml:26:9-28:38
MERGED from [com.android.support:appcompat-v7:26.0.1] AndroidManifest.xml:26:9-28:38
MERGED from [com.android.support:appcompat-v7:26.0.1] AndroidManifest.xml:26:9-28:38
MERGED from [com.android.support:cardview-v7:26.0.1] AndroidManifest.xml:23:9-25:38
MERGED from [com.android.support:cardview-v7:26.0.1] AndroidManifest.xml:23:9-25:38
MERGED from [com.android.support:percent:26.0.1] AndroidManifest.xml:23:9-25:38
MERGED from [com.android.support:percent:26.0.1] AndroidManifest.xml:23:9-25:38
MERGED from [com.android.support:animated-vector-drawable:26.0.1] AndroidManifest.xml:23:9-25:38
MERGED from [com.android.support:animated-vector-drawable:26.0.1] AndroidManifest.xml:23:9-25:38
MERGED from [com.android.support:support-vector-drawable:26.0.1] AndroidManifest.xml:23:9-25:38
MERGED from [com.android.support:support-vector-drawable:26.0.1] AndroidManifest.xml:23:9-25:38
MERGED from [com.android.support:recyclerview-v7:26.0.1] AndroidManifest.xml:23:9-25:38
MERGED from [com.android.support:recyclerview-v7:26.0.1] AndroidManifest.xml:23:9-25:38